<?xml version="1.0" encoding="UTF-8"?>
<!-- Generated by org.testng.reporters.JUnitXMLReporter -->
<testsuite ignored="1" hostname="DESKTOP-GM2LFFD" failures="0" tests="1" name="Default test" time="17.672" errors="0" timestamp="2023-03-01T23:53:45 BDT">
  <testcase classname="project.com.PracticeScripts.MouseActions" name="MouseHandle" time="17.52"/>
  <testcase classname="project.com.PracticeScripts.MouseActions" name="MouseHover" time="0.0">
    <ignored/>
  </testcase> <!-- MouseHover -->
</testsuite> <!-- Default test -->
