<?xml version="1.0" encoding="UTF-8"?>
<testng-results ignored="1" total="2" passed="1" failed="0" skipped="0">
  <reporter-output>
  </reporter-output>
  <suite started-at="2023-03-01T23:53:28 BDT" name="Default suite" finished-at="2023-03-01T23:53:45 BDT" duration-ms="17672">
    <groups>
    </groups>
    <test started-at="2023-03-01T23:53:28 BDT" name="Default test" finished-at="2023-03-01T23:53:45 BDT" duration-ms="17672">
      <class name="project.com.PracticeScripts.MouseActions">
        <test-method is-config="true" signature="startbeowser()[pri:0, instance:project.com.PracticeScripts.MouseActions@2a4fb17b]" started-at="2023-03-01T23:53:18 BDT" name="startbeowser" finished-at="2023-03-01T23:53:28 BDT" duration-ms="9150" status="PASS">
          <reporter-output>
          </reporter-output>
        </test-method> <!-- startbeowser -->
        <test-method signature="MouseHandle()[pri:0, instance:project.com.PracticeScripts.MouseActions@2a4fb17b]" started-at="2023-03-01T23:53:28 BDT" name="MouseHandle" finished-at="2023-03-01T23:53:45 BDT" duration-ms="17520" status="PASS">
          <reporter-output>
          </reporter-output>
        </test-method> <!-- MouseHandle -->
        <test-method is-config="true" signature="closeBrowser()[pri:0, instance:project.com.PracticeScripts.MouseActions@2a4fb17b]" started-at="2023-03-01T23:53:45 BDT" name="closeBrowser" finished-at="2023-03-01T23:53:52 BDT" duration-ms="6505" status="PASS">
          <reporter-output>
          </reporter-output>
        </test-method> <!-- closeBrowser -->
      </class> <!-- project.com.PracticeScripts.MouseActions -->
    </test> <!-- Default test -->
  </suite> <!-- Default suite -->
</testng-results>
